2015-06-18 11:49:13,258 - Log4JLogChute initialized using file 'velocity.log'
2015-06-18 11:49:13,259 - Velocity was not initialized! Calling init()...
2015-06-18 11:49:13,259 - Starting Apache Velocity v1.5 (compiled: 2007-02-22 08:52:29)
2015-06-18 11:49:13,259 - Default Properties File: org\apache\velocity\runtime\defaults\velocity.properties
2015-06-18 11:49:13,259 - Trying to use logger class org.apache.velocity.runtime.log.AvalonLogChute
2015-06-18 11:49:13,261 - Couldn't find class org.apache.velocity.runtime.log.AvalonLogChute or necessary supporting classes in classpath.
java.lang.NoClassDefFoundError: org/apache/log/format/Formatter
	at java.lang.Class.forName0(Native Method)
	at java.lang.Class.forName(Class.java:348)
	at org.apache.velocity.util.ClassUtils.getClass(ClassUtils.java:63)
	at org.apache.velocity.util.ClassUtils.getNewInstance(ClassUtils.java:95)
	at org.apache.velocity.runtime.log.LogManager.createLogChute(LogManager.java:147)
	at org.apache.velocity.runtime.log.LogManager.updateLog(LogManager.java:208)
	at org.apache.velocity.runtime.RuntimeInstance.initializeLog(RuntimeInstance.java:728)
	at org.apache.velocity.runtime.RuntimeInstance.init(RuntimeInstance.java:240)
	at org.apache.velocity.runtime.RuntimeInstance.parse(RuntimeInstance.java:993)
	at org.apache.velocity.runtime.RuntimeInstance.parse(RuntimeInstance.java:972)
	at org.apache.velocity.runtime.RuntimeSingleton.parse(RuntimeSingleton.java:265)
	at org.apache.velocity.app.Velocity.evaluate(Velocity.java:274)
	at com.sree.maven.training.weather.WeatherFormatter.format(WeatherFormatter.java:21)
	at com.sree.maven.training.weather.yahoo.WeatherFormatterTest.testFormat(WeatherFormatterTest.java:23)
	at sun.reflect.NativeMethodAccessorImpl.invoke0(Native Method)
	at sun.reflect.NativeMethodAccessorImpl.invoke(NativeMethodAccessorImpl.java:62)
	at sun.reflect.DelegatingMethodAccessorImpl.invoke(DelegatingMethodAccessorImpl.java:43)
	at java.lang.reflect.Method.invoke(Method.java:497)
	at junit.framework.TestCase.runTest(TestCase.java:154)
	at junit.framework.TestCase.runBare(TestCase.java:127)
	at junit.framework.TestResult$1.protect(TestResult.java:106)
	at junit.framework.TestResult.runProtected(TestResult.java:124)
	at junit.framework.TestResult.run(TestResult.java:109)
	at junit.framework.TestCase.run(TestCase.java:118)
	at junit.framework.TestSuite.runTest(TestSuite.java:208)
	at junit.framework.TestSuite.run(TestSuite.java:203)
	at sun.reflect.NativeMethodAccessorImpl.invoke0(Native Method)
	at sun.reflect.NativeMethodAccessorImpl.invoke(NativeMethodAccessorImpl.java:62)
	at sun.reflect.DelegatingMethodAccessorImpl.invoke(DelegatingMethodAccessorImpl.java:43)
	at java.lang.reflect.Method.invoke(Method.java:497)
	at org.apache.maven.surefire.junit.JUnitTestSet.execute(JUnitTestSet.java:95)
	at org.apache.maven.surefire.junit.JUnit3Provider.executeTestSet(JUnit3Provider.java:121)
	at org.apache.maven.surefire.junit.JUnit3Provider.invoke(JUnit3Provider.java:98)
	at sun.reflect.NativeMethodAccessorImpl.invoke0(Native Method)
	at sun.reflect.NativeMethodAccessorImpl.invoke(NativeMethodAccessorImpl.java:62)
	at sun.reflect.DelegatingMethodAccessorImpl.invoke(DelegatingMethodAccessorImpl.java:43)
	at java.lang.reflect.Method.invoke(Method.java:497)
	at org.apache.maven.surefire.util.ReflectionUtils.invokeMethodWithArray(ReflectionUtils.java:189)
	at org.apache.maven.surefire.booter.ProviderFactory$ProviderProxy.invoke(ProviderFactory.java:165)
	at org.apache.maven.surefire.booter.ProviderFactory.invokeProvider(ProviderFactory.java:85)
	at org.apache.maven.surefire.booter.ForkedBooter.runSuitesInProcess(ForkedBooter.java:115)
	at org.apache.maven.surefire.booter.ForkedBooter.main(ForkedBooter.java:75)
Caused by: java.lang.ClassNotFoundException: org.apache.log.format.Formatter
	at java.net.URLClassLoader.findClass(URLClassLoader.java:381)
	at java.lang.ClassLoader.loadClass(ClassLoader.java:424)
	at sun.misc.Launcher$AppClassLoader.loadClass(Launcher.java:331)
	at java.lang.ClassLoader.loadClass(ClassLoader.java:357)
	... 42 more
2015-06-18 11:49:13,263 - Trying to use logger class org.apache.velocity.runtime.log.Log4JLogChute
2015-06-18 11:49:13,263 - Using logger class org.apache.velocity.runtime.log.Log4JLogChute
2015-06-18 11:49:13,265 - Default ResourceManager initializing. (class org.apache.velocity.runtime.resource.ResourceManagerImpl)
2015-06-18 11:49:13,269 - ResourceLoader instantiated: org.apache.velocity.runtime.resource.loader.FileResourceLoader
2015-06-18 11:49:13,270 - Do unicode file recognition:  false
2015-06-18 11:49:13,270 - FileResourceLoader : adding path '.'
2015-06-18 11:49:13,295 - ResourceCache: initialized (class org.apache.velocity.runtime.resource.ResourceCacheImpl)
2015-06-18 11:49:13,297 - Loaded System Directive: org.apache.velocity.runtime.directive.Literal
2015-06-18 11:49:13,298 - Loaded System Directive: org.apache.velocity.runtime.directive.Macro
2015-06-18 11:49:13,299 - Loaded System Directive: org.apache.velocity.runtime.directive.Parse
2015-06-18 11:49:13,300 - Loaded System Directive: org.apache.velocity.runtime.directive.Include
2015-06-18 11:49:13,301 - Loaded System Directive: org.apache.velocity.runtime.directive.Foreach
2015-06-18 11:49:13,325 - Created '20' parsers.
2015-06-18 11:49:13,330 - Velocimacro : "velocimacro.library" is not set.  Trying default library: VM_global_library.vm
2015-06-18 11:49:13,331 - Velocimacro : Default library not found.
2015-06-18 11:49:13,331 - Velocimacro : allowInline = true : VMs can be defined inline in templates
2015-06-18 11:49:13,331 - Velocimacro : allowInlineToOverride = false : VMs defined inline may NOT replace previous VM definitions
2015-06-18 11:49:13,331 - Velocimacro : allowInlineLocal = false : VMs defined inline will be global in scope if allowed.
2015-06-18 11:49:13,331 - Velocimacro : autoload off : VM system will not automatically reload global library macros
2015-06-18 11:55:24,322 - Log4JLogChute initialized using file 'velocity.log'
2015-06-18 11:55:24,322 - Velocity was not initialized! Calling init()...
2015-06-18 11:55:24,322 - Starting Apache Velocity v1.5 (compiled: 2007-02-22 08:52:29)
2015-06-18 11:55:24,322 - Default Properties File: org\apache\velocity\runtime\defaults\velocity.properties
2015-06-18 11:55:24,322 - Trying to use logger class org.apache.velocity.runtime.log.AvalonLogChute
2015-06-18 11:55:24,323 - Couldn't find class org.apache.velocity.runtime.log.AvalonLogChute or necessary supporting classes in classpath.
java.lang.NoClassDefFoundError: org/apache/log/format/Formatter
	at java.lang.Class.forName0(Native Method)
	at java.lang.Class.forName(Class.java:348)
	at org.apache.velocity.util.ClassUtils.getClass(ClassUtils.java:63)
	at org.apache.velocity.util.ClassUtils.getNewInstance(ClassUtils.java:95)
	at org.apache.velocity.runtime.log.LogManager.createLogChute(LogManager.java:147)
	at org.apache.velocity.runtime.log.LogManager.updateLog(LogManager.java:208)
	at org.apache.velocity.runtime.RuntimeInstance.initializeLog(RuntimeInstance.java:728)
	at org.apache.velocity.runtime.RuntimeInstance.init(RuntimeInstance.java:240)
	at org.apache.velocity.runtime.RuntimeInstance.parse(RuntimeInstance.java:993)
	at org.apache.velocity.runtime.RuntimeInstance.parse(RuntimeInstance.java:972)
	at org.apache.velocity.runtime.RuntimeSingleton.parse(RuntimeSingleton.java:265)
	at org.apache.velocity.app.Velocity.evaluate(Velocity.java:274)
	at com.sree.maven.training.weather.WeatherFormatter.format(WeatherFormatter.java:21)
	at com.sree.maven.training.weather.yahoo.WeatherFormatterTest.testFormat(WeatherFormatterTest.java:23)
	at sun.reflect.NativeMethodAccessorImpl.invoke0(Native Method)
	at sun.reflect.NativeMethodAccessorImpl.invoke(NativeMethodAccessorImpl.java:62)
	at sun.reflect.DelegatingMethodAccessorImpl.invoke(DelegatingMethodAccessorImpl.java:43)
	at java.lang.reflect.Method.invoke(Method.java:497)
	at junit.framework.TestCase.runTest(TestCase.java:154)
	at junit.framework.TestCase.runBare(TestCase.java:127)
	at junit.framework.TestResult$1.protect(TestResult.java:106)
	at junit.framework.TestResult.runProtected(TestResult.java:124)
	at junit.framework.TestResult.run(TestResult.java:109)
	at junit.framework.TestCase.run(TestCase.java:118)
	at junit.framework.TestSuite.runTest(TestSuite.java:208)
	at junit.framework.TestSuite.run(TestSuite.java:203)
	at sun.reflect.NativeMethodAccessorImpl.invoke0(Native Method)
	at sun.reflect.NativeMethodAccessorImpl.invoke(NativeMethodAccessorImpl.java:62)
	at sun.reflect.DelegatingMethodAccessorImpl.invoke(DelegatingMethodAccessorImpl.java:43)
	at java.lang.reflect.Method.invoke(Method.java:497)
	at org.apache.maven.surefire.junit.JUnitTestSet.execute(JUnitTestSet.java:95)
	at org.apache.maven.surefire.junit.JUnit3Provider.executeTestSet(JUnit3Provider.java:121)
	at org.apache.maven.surefire.junit.JUnit3Provider.invoke(JUnit3Provider.java:98)
	at sun.reflect.NativeMethodAccessorImpl.invoke0(Native Method)
	at sun.reflect.NativeMethodAccessorImpl.invoke(NativeMethodAccessorImpl.java:62)
	at sun.reflect.DelegatingMethodAccessorImpl.invoke(DelegatingMethodAccessorImpl.java:43)
	at java.lang.reflect.Method.invoke(Method.java:497)
	at org.apache.maven.surefire.util.ReflectionUtils.invokeMethodWithArray(ReflectionUtils.java:189)
	at org.apache.maven.surefire.booter.ProviderFactory$ProviderProxy.invoke(ProviderFactory.java:165)
	at org.apache.maven.surefire.booter.ProviderFactory.invokeProvider(ProviderFactory.java:85)
	at org.apache.maven.surefire.booter.ForkedBooter.runSuitesInProcess(ForkedBooter.java:115)
	at org.apache.maven.surefire.booter.ForkedBooter.main(ForkedBooter.java:75)
Caused by: java.lang.ClassNotFoundException: org.apache.log.format.Formatter
	at java.net.URLClassLoader.findClass(URLClassLoader.java:381)
	at java.lang.ClassLoader.loadClass(ClassLoader.java:424)
	at sun.misc.Launcher$AppClassLoader.loadClass(Launcher.java:331)
	at java.lang.ClassLoader.loadClass(ClassLoader.java:357)
	... 42 more
2015-06-18 11:55:24,325 - Trying to use logger class org.apache.velocity.runtime.log.Log4JLogChute
2015-06-18 11:55:24,325 - Using logger class org.apache.velocity.runtime.log.Log4JLogChute
2015-06-18 11:55:24,326 - Default ResourceManager initializing. (class org.apache.velocity.runtime.resource.ResourceManagerImpl)
2015-06-18 11:55:24,329 - ResourceLoader instantiated: org.apache.velocity.runtime.resource.loader.FileResourceLoader
2015-06-18 11:55:24,330 - Do unicode file recognition:  false
2015-06-18 11:55:24,330 - FileResourceLoader : adding path '.'
2015-06-18 11:55:24,339 - ResourceCache: initialized (class org.apache.velocity.runtime.resource.ResourceCacheImpl)
2015-06-18 11:55:24,340 - Loaded System Directive: org.apache.velocity.runtime.directive.Literal
2015-06-18 11:55:24,341 - Loaded System Directive: org.apache.velocity.runtime.directive.Macro
2015-06-18 11:55:24,342 - Loaded System Directive: org.apache.velocity.runtime.directive.Parse
2015-06-18 11:55:24,342 - Loaded System Directive: org.apache.velocity.runtime.directive.Include
2015-06-18 11:55:24,343 - Loaded System Directive: org.apache.velocity.runtime.directive.Foreach
2015-06-18 11:55:24,361 - Created '20' parsers.
2015-06-18 11:55:24,365 - Velocimacro : "velocimacro.library" is not set.  Trying default library: VM_global_library.vm
2015-06-18 11:55:24,365 - Velocimacro : Default library not found.
2015-06-18 11:55:24,366 - Velocimacro : allowInline = true : VMs can be defined inline in templates
2015-06-18 11:55:24,366 - Velocimacro : allowInlineToOverride = false : VMs defined inline may NOT replace previous VM definitions
2015-06-18 11:55:24,366 - Velocimacro : allowInlineLocal = false : VMs defined inline will be global in scope if allowed.
2015-06-18 11:55:24,366 - Velocimacro : autoload off : VM system will not automatically reload global library macros
2015-06-18 12:18:59,438 - Log4JLogChute initialized using file 'velocity.log'
2015-06-18 12:18:59,439 - Velocity was not initialized! Calling init()...
2015-06-18 12:18:59,439 - Starting Apache Velocity v1.5 (compiled: 2007-02-22 08:52:29)
2015-06-18 12:18:59,439 - Default Properties File: org\apache\velocity\runtime\defaults\velocity.properties
2015-06-18 12:18:59,439 - Trying to use logger class org.apache.velocity.runtime.log.AvalonLogChute
2015-06-18 12:18:59,440 - Couldn't find class org.apache.velocity.runtime.log.AvalonLogChute or necessary supporting classes in classpath.
java.lang.NoClassDefFoundError: org/apache/log/format/Formatter
	at java.lang.Class.forName0(Native Method)
	at java.lang.Class.forName(Class.java:348)
	at org.apache.velocity.util.ClassUtils.getClass(ClassUtils.java:63)
	at org.apache.velocity.util.ClassUtils.getNewInstance(ClassUtils.java:95)
	at org.apache.velocity.runtime.log.LogManager.createLogChute(LogManager.java:147)
	at org.apache.velocity.runtime.log.LogManager.updateLog(LogManager.java:208)
	at org.apache.velocity.runtime.RuntimeInstance.initializeLog(RuntimeInstance.java:728)
	at org.apache.velocity.runtime.RuntimeInstance.init(RuntimeInstance.java:240)
	at org.apache.velocity.runtime.RuntimeInstance.parse(RuntimeInstance.java:993)
	at org.apache.velocity.runtime.RuntimeInstance.parse(RuntimeInstance.java:972)
	at org.apache.velocity.runtime.RuntimeSingleton.parse(RuntimeSingleton.java:265)
	at org.apache.velocity.app.Velocity.evaluate(Velocity.java:274)
	at com.sree.maven.training.weather.WeatherFormatter.format(WeatherFormatter.java:21)
	at com.sree.maven.training.weather.yahoo.WeatherFormatterTest.testFormat(WeatherFormatterTest.java:23)
	at sun.reflect.NativeMethodAccessorImpl.invoke0(Native Method)
	at sun.reflect.NativeMethodAccessorImpl.invoke(NativeMethodAccessorImpl.java:62)
	at sun.reflect.DelegatingMethodAccessorImpl.invoke(DelegatingMethodAccessorImpl.java:43)
	at java.lang.reflect.Method.invoke(Method.java:497)
	at junit.framework.TestCase.runTest(TestCase.java:154)
	at junit.framework.TestCase.runBare(TestCase.java:127)
	at junit.framework.TestResult$1.protect(TestResult.java:106)
	at junit.framework.TestResult.runProtected(TestResult.java:124)
	at junit.framework.TestResult.run(TestResult.java:109)
	at junit.framework.TestCase.run(TestCase.java:118)
	at junit.framework.TestSuite.runTest(TestSuite.java:208)
	at junit.framework.TestSuite.run(TestSuite.java:203)
	at sun.reflect.NativeMethodAccessorImpl.invoke0(Native Method)
	at sun.reflect.NativeMethodAccessorImpl.invoke(NativeMethodAccessorImpl.java:62)
	at sun.reflect.DelegatingMethodAccessorImpl.invoke(DelegatingMethodAccessorImpl.java:43)
	at java.lang.reflect.Method.invoke(Method.java:497)
	at org.apache.maven.surefire.junit.JUnitTestSet.execute(JUnitTestSet.java:95)
	at org.apache.maven.surefire.junit.JUnit3Provider.executeTestSet(JUnit3Provider.java:121)
	at org.apache.maven.surefire.junit.JUnit3Provider.invoke(JUnit3Provider.java:98)
	at sun.reflect.NativeMethodAccessorImpl.invoke0(Native Method)
	at sun.reflect.NativeMethodAccessorImpl.invoke(NativeMethodAccessorImpl.java:62)
	at sun.reflect.DelegatingMethodAccessorImpl.invoke(DelegatingMethodAccessorImpl.java:43)
	at java.lang.reflect.Method.invoke(Method.java:497)
	at org.apache.maven.surefire.util.ReflectionUtils.invokeMethodWithArray(ReflectionUtils.java:189)
	at org.apache.maven.surefire.booter.ProviderFactory$ProviderProxy.invoke(ProviderFactory.java:165)
	at org.apache.maven.surefire.booter.ProviderFactory.invokeProvider(ProviderFactory.java:85)
	at org.apache.maven.surefire.booter.ForkedBooter.runSuitesInProcess(ForkedBooter.java:115)
	at org.apache.maven.surefire.booter.ForkedBooter.main(ForkedBooter.java:75)
Caused by: java.lang.ClassNotFoundException: org.apache.log.format.Formatter
	at java.net.URLClassLoader.findClass(URLClassLoader.java:381)
	at java.lang.ClassLoader.loadClass(ClassLoader.java:424)
	at sun.misc.Launcher$AppClassLoader.loadClass(Launcher.java:331)
	at java.lang.ClassLoader.loadClass(ClassLoader.java:357)
	... 42 more
2015-06-18 12:18:59,442 - Trying to use logger class org.apache.velocity.runtime.log.Log4JLogChute
2015-06-18 12:18:59,442 - Using logger class org.apache.velocity.runtime.log.Log4JLogChute
2015-06-18 12:18:59,444 - Default ResourceManager initializing. (class org.apache.velocity.runtime.resource.ResourceManagerImpl)
2015-06-18 12:18:59,447 - ResourceLoader instantiated: org.apache.velocity.runtime.resource.loader.FileResourceLoader
2015-06-18 12:18:59,448 - Do unicode file recognition:  false
2015-06-18 12:18:59,448 - FileResourceLoader : adding path '.'
2015-06-18 12:18:59,459 - ResourceCache: initialized (class org.apache.velocity.runtime.resource.ResourceCacheImpl)
2015-06-18 12:18:59,460 - Loaded System Directive: org.apache.velocity.runtime.directive.Literal
2015-06-18 12:18:59,461 - Loaded System Directive: org.apache.velocity.runtime.directive.Macro
2015-06-18 12:18:59,462 - Loaded System Directive: org.apache.velocity.runtime.directive.Parse
2015-06-18 12:18:59,463 - Loaded System Directive: org.apache.velocity.runtime.directive.Include
2015-06-18 12:18:59,464 - Loaded System Directive: org.apache.velocity.runtime.directive.Foreach
2015-06-18 12:18:59,489 - Created '20' parsers.
2015-06-18 12:18:59,494 - Velocimacro : "velocimacro.library" is not set.  Trying default library: VM_global_library.vm
2015-06-18 12:18:59,495 - Velocimacro : Default library not found.
2015-06-18 12:18:59,495 - Velocimacro : allowInline = true : VMs can be defined inline in templates
2015-06-18 12:18:59,495 - Velocimacro : allowInlineToOverride = false : VMs defined inline may NOT replace previous VM definitions
2015-06-18 12:18:59,495 - Velocimacro : allowInlineLocal = false : VMs defined inline will be global in scope if allowed.
2015-06-18 12:18:59,495 - Velocimacro : autoload off : VM system will not automatically reload global library macros
2015-06-18 12:29:54,898 - Log4JLogChute initialized using file 'velocity.log'
2015-06-18 12:29:54,899 - Velocity was not initialized! Calling init()...
2015-06-18 12:29:54,899 - Starting Apache Velocity v1.5 (compiled: 2007-02-22 08:52:29)
2015-06-18 12:29:54,899 - Default Properties File: org\apache\velocity\runtime\defaults\velocity.properties
2015-06-18 12:29:54,899 - Trying to use logger class org.apache.velocity.runtime.log.AvalonLogChute
2015-06-18 12:29:54,901 - Couldn't find class org.apache.velocity.runtime.log.AvalonLogChute or necessary supporting classes in classpath.
java.lang.NoClassDefFoundError: org/apache/log/format/Formatter
	at java.lang.Class.forName0(Native Method)
	at java.lang.Class.forName(Class.java:348)
	at org.apache.velocity.util.ClassUtils.getClass(ClassUtils.java:63)
	at org.apache.velocity.util.ClassUtils.getNewInstance(ClassUtils.java:95)
	at org.apache.velocity.runtime.log.LogManager.createLogChute(LogManager.java:147)
	at org.apache.velocity.runtime.log.LogManager.updateLog(LogManager.java:208)
	at org.apache.velocity.runtime.RuntimeInstance.initializeLog(RuntimeInstance.java:728)
	at org.apache.velocity.runtime.RuntimeInstance.init(RuntimeInstance.java:240)
	at org.apache.velocity.runtime.RuntimeInstance.parse(RuntimeInstance.java:993)
	at org.apache.velocity.runtime.RuntimeInstance.parse(RuntimeInstance.java:972)
	at org.apache.velocity.runtime.RuntimeSingleton.parse(RuntimeSingleton.java:265)
	at org.apache.velocity.app.Velocity.evaluate(Velocity.java:274)
	at com.sree.maven.training.weather.WeatherFormatter.format(WeatherFormatter.java:21)
	at com.sree.maven.training.weather.yahoo.WeatherFormatterTest.testFormat(WeatherFormatterTest.java:23)
	at sun.reflect.NativeMethodAccessorImpl.invoke0(Native Method)
	at sun.reflect.NativeMethodAccessorImpl.invoke(NativeMethodAccessorImpl.java:62)
	at sun.reflect.DelegatingMethodAccessorImpl.invoke(DelegatingMethodAccessorImpl.java:43)
	at java.lang.reflect.Method.invoke(Method.java:497)
	at junit.framework.TestCase.runTest(TestCase.java:154)
	at junit.framework.TestCase.runBare(TestCase.java:127)
	at junit.framework.TestResult$1.protect(TestResult.java:106)
	at junit.framework.TestResult.runProtected(TestResult.java:124)
	at junit.framework.TestResult.run(TestResult.java:109)
	at junit.framework.TestCase.run(TestCase.java:118)
	at junit.framework.TestSuite.runTest(TestSuite.java:208)
	at junit.framework.TestSuite.run(TestSuite.java:203)
	at sun.reflect.NativeMethodAccessorImpl.invoke0(Native Method)
	at sun.reflect.NativeMethodAccessorImpl.invoke(NativeMethodAccessorImpl.java:62)
	at sun.reflect.DelegatingMethodAccessorImpl.invoke(DelegatingMethodAccessorImpl.java:43)
	at java.lang.reflect.Method.invoke(Method.java:497)
	at org.apache.maven.surefire.junit.JUnitTestSet.execute(JUnitTestSet.java:95)
	at org.apache.maven.surefire.junit.JUnit3Provider.executeTestSet(JUnit3Provider.java:121)
	at org.apache.maven.surefire.junit.JUnit3Provider.invoke(JUnit3Provider.java:98)
	at sun.reflect.NativeMethodAccessorImpl.invoke0(Native Method)
	at sun.reflect.NativeMethodAccessorImpl.invoke(NativeMethodAccessorImpl.java:62)
	at sun.reflect.DelegatingMethodAccessorImpl.invoke(DelegatingMethodAccessorImpl.java:43)
	at java.lang.reflect.Method.invoke(Method.java:497)
	at org.apache.maven.surefire.util.ReflectionUtils.invokeMethodWithArray(ReflectionUtils.java:189)
	at org.apache.maven.surefire.booter.ProviderFactory$ProviderProxy.invoke(ProviderFactory.java:165)
	at org.apache.maven.surefire.booter.ProviderFactory.invokeProvider(ProviderFactory.java:85)
	at org.apache.maven.surefire.booter.ForkedBooter.runSuitesInProcess(ForkedBooter.java:115)
	at org.apache.maven.surefire.booter.ForkedBooter.main(ForkedBooter.java:75)
Caused by: java.lang.ClassNotFoundException: org.apache.log.format.Formatter
	at java.net.URLClassLoader.findClass(URLClassLoader.java:381)
	at java.lang.ClassLoader.loadClass(ClassLoader.java:424)
	at sun.misc.Launcher$AppClassLoader.loadClass(Launcher.java:331)
	at java.lang.ClassLoader.loadClass(ClassLoader.java:357)
	... 42 more
2015-06-18 12:29:54,903 - Trying to use logger class org.apache.velocity.runtime.log.Log4JLogChute
2015-06-18 12:29:54,903 - Using logger class org.apache.velocity.runtime.log.Log4JLogChute
2015-06-18 12:29:54,906 - Default ResourceManager initializing. (class org.apache.velocity.runtime.resource.ResourceManagerImpl)
2015-06-18 12:29:54,910 - ResourceLoader instantiated: org.apache.velocity.runtime.resource.loader.FileResourceLoader
2015-06-18 12:29:54,911 - Do unicode file recognition:  false
2015-06-18 12:29:54,911 - FileResourceLoader : adding path '.'
2015-06-18 12:29:54,922 - ResourceCache: initialized (class org.apache.velocity.runtime.resource.ResourceCacheImpl)
2015-06-18 12:29:54,923 - Loaded System Directive: org.apache.velocity.runtime.directive.Literal
2015-06-18 12:29:54,924 - Loaded System Directive: org.apache.velocity.runtime.directive.Macro
2015-06-18 12:29:54,926 - Loaded System Directive: org.apache.velocity.runtime.directive.Parse
2015-06-18 12:29:54,927 - Loaded System Directive: org.apache.velocity.runtime.directive.Include
2015-06-18 12:29:54,927 - Loaded System Directive: org.apache.velocity.runtime.directive.Foreach
2015-06-18 12:29:54,958 - Created '20' parsers.
2015-06-18 12:29:54,964 - Velocimacro : "velocimacro.library" is not set.  Trying default library: VM_global_library.vm
2015-06-18 12:29:54,964 - Velocimacro : Default library not found.
2015-06-18 12:29:54,964 - Velocimacro : allowInline = true : VMs can be defined inline in templates
2015-06-18 12:29:54,964 - Velocimacro : allowInlineToOverride = false : VMs defined inline may NOT replace previous VM definitions
2015-06-18 12:29:54,964 - Velocimacro : allowInlineLocal = false : VMs defined inline will be global in scope if allowed.
2015-06-18 12:29:54,964 - Velocimacro : autoload off : VM system will not automatically reload global library macros
2015-06-18 23:42:47,308 - Log4JLogChute initialized using file 'velocity.log'
2015-06-18 23:42:47,360 - Velocity was not initialized! Calling init()...
2015-06-18 23:42:47,360 - Starting Apache Velocity v1.5 (compiled: 2007-02-22 08:52:29)
2015-06-18 23:42:47,360 - Default Properties File: org\apache\velocity\runtime\defaults\velocity.properties
2015-06-18 23:42:47,361 - Trying to use logger class org.apache.velocity.runtime.log.AvalonLogChute
2015-06-18 23:42:47,361 - Couldn't find class org.apache.velocity.runtime.log.AvalonLogChute or necessary supporting classes in classpath.
java.lang.NoClassDefFoundError: org/apache/log/format/Formatter
	at java.lang.Class.forName0(Native Method)
	at java.lang.Class.forName(Class.java:348)
	at org.apache.velocity.util.ClassUtils.getClass(ClassUtils.java:63)
	at org.apache.velocity.util.ClassUtils.getNewInstance(ClassUtils.java:95)
	at org.apache.velocity.runtime.log.LogManager.createLogChute(LogManager.java:147)
	at org.apache.velocity.runtime.log.LogManager.updateLog(LogManager.java:208)
	at org.apache.velocity.runtime.RuntimeInstance.initializeLog(RuntimeInstance.java:728)
	at org.apache.velocity.runtime.RuntimeInstance.init(RuntimeInstance.java:240)
	at org.apache.velocity.runtime.RuntimeInstance.parse(RuntimeInstance.java:993)
	at org.apache.velocity.runtime.RuntimeInstance.parse(RuntimeInstance.java:972)
	at org.apache.velocity.runtime.RuntimeSingleton.parse(RuntimeSingleton.java:265)
	at org.apache.velocity.app.Velocity.evaluate(Velocity.java:274)
	at com.sree.maven.training.weather.WeatherFormatter.format(WeatherFormatter.java:21)
	at com.sree.maven.training.weather.yahoo.WeatherFormatterTest.testFormat(WeatherFormatterTest.java:23)
	at sun.reflect.NativeMethodAccessorImpl.invoke0(Native Method)
	at sun.reflect.NativeMethodAccessorImpl.invoke(NativeMethodAccessorImpl.java:62)
	at sun.reflect.DelegatingMethodAccessorImpl.invoke(DelegatingMethodAccessorImpl.java:43)
	at java.lang.reflect.Method.invoke(Method.java:497)
	at junit.framework.TestCase.runTest(TestCase.java:154)
	at junit.framework.TestCase.runBare(TestCase.java:127)
	at junit.framework.TestResult$1.protect(TestResult.java:106)
	at junit.framework.TestResult.runProtected(TestResult.java:124)
	at junit.framework.TestResult.run(TestResult.java:109)
	at junit.framework.TestCase.run(TestCase.java:118)
	at junit.framework.TestSuite.runTest(TestSuite.java:208)
	at junit.framework.TestSuite.run(TestSuite.java:203)
	at sun.reflect.NativeMethodAccessorImpl.invoke0(Native Method)
	at sun.reflect.NativeMethodAccessorImpl.invoke(NativeMethodAccessorImpl.java:62)
	at sun.reflect.DelegatingMethodAccessorImpl.invoke(DelegatingMethodAccessorImpl.java:43)
	at java.lang.reflect.Method.invoke(Method.java:497)
	at org.apache.maven.surefire.junit.JUnitTestSet.execute(JUnitTestSet.java:95)
	at org.apache.maven.surefire.junit.JUnit3Provider.executeTestSet(JUnit3Provider.java:121)
	at org.apache.maven.surefire.junit.JUnit3Provider.invoke(JUnit3Provider.java:98)
	at sun.reflect.NativeMethodAccessorImpl.invoke0(Native Method)
	at sun.reflect.NativeMethodAccessorImpl.invoke(NativeMethodAccessorImpl.java:62)
	at sun.reflect.DelegatingMethodAccessorImpl.invoke(DelegatingMethodAccessorImpl.java:43)
	at java.lang.reflect.Method.invoke(Method.java:497)
	at org.apache.maven.surefire.util.ReflectionUtils.invokeMethodWithArray(ReflectionUtils.java:189)
	at org.apache.maven.surefire.booter.ProviderFactory$ProviderProxy.invoke(ProviderFactory.java:165)
	at org.apache.maven.surefire.booter.ProviderFactory.invokeProvider(ProviderFactory.java:85)
	at org.apache.maven.surefire.booter.ForkedBooter.runSuitesInProcess(ForkedBooter.java:115)
	at org.apache.maven.surefire.booter.ForkedBooter.main(ForkedBooter.java:75)
Caused by: java.lang.ClassNotFoundException: org.apache.log.format.Formatter
	at java.net.URLClassLoader.findClass(URLClassLoader.java:381)
	at java.lang.ClassLoader.loadClass(ClassLoader.java:424)
	at sun.misc.Launcher$AppClassLoader.loadClass(Launcher.java:331)
	at java.lang.ClassLoader.loadClass(ClassLoader.java:357)
	... 42 more
2015-06-18 23:42:47,363 - Trying to use logger class org.apache.velocity.runtime.log.Log4JLogChute
2015-06-18 23:42:47,363 - Using logger class org.apache.velocity.runtime.log.Log4JLogChute
2015-06-18 23:42:47,365 - Default ResourceManager initializing. (class org.apache.velocity.runtime.resource.ResourceManagerImpl)
2015-06-18 23:42:47,367 - ResourceLoader instantiated: org.apache.velocity.runtime.resource.loader.FileResourceLoader
2015-06-18 23:42:47,368 - Do unicode file recognition:  false
2015-06-18 23:42:47,368 - FileResourceLoader : adding path '.'
2015-06-18 23:42:47,376 - ResourceCache: initialized (class org.apache.velocity.runtime.resource.ResourceCacheImpl)
2015-06-18 23:42:47,377 - Loaded System Directive: org.apache.velocity.runtime.directive.Literal
2015-06-18 23:42:47,378 - Loaded System Directive: org.apache.velocity.runtime.directive.Macro
2015-06-18 23:42:47,379 - Loaded System Directive: org.apache.velocity.runtime.directive.Parse
2015-06-18 23:42:47,379 - Loaded System Directive: org.apache.velocity.runtime.directive.Include
2015-06-18 23:42:47,380 - Loaded System Directive: org.apache.velocity.runtime.directive.Foreach
2015-06-18 23:42:47,398 - Created '20' parsers.
2015-06-18 23:42:47,402 - Velocimacro : "velocimacro.library" is not set.  Trying default library: VM_global_library.vm
2015-06-18 23:42:47,402 - Velocimacro : Default library not found.
2015-06-18 23:42:47,403 - Velocimacro : allowInline = true : VMs can be defined inline in templates
2015-06-18 23:42:47,403 - Velocimacro : allowInlineToOverride = false : VMs defined inline may NOT replace previous VM definitions
2015-06-18 23:42:47,403 - Velocimacro : allowInlineLocal = false : VMs defined inline will be global in scope if allowed.
2015-06-18 23:42:47,403 - Velocimacro : autoload off : VM system will not automatically reload global library macros
2015-06-18 23:43:55,927 - Log4JLogChute initialized using file 'velocity.log'
2015-06-18 23:43:55,927 - Velocity was not initialized! Calling init()...
2015-06-18 23:43:55,928 - Starting Apache Velocity v1.5 (compiled: 2007-02-22 08:52:29)
2015-06-18 23:43:55,928 - Default Properties File: org\apache\velocity\runtime\defaults\velocity.properties
2015-06-18 23:43:55,928 - Trying to use logger class org.apache.velocity.runtime.log.AvalonLogChute
2015-06-18 23:43:55,928 - Couldn't find class org.apache.velocity.runtime.log.AvalonLogChute or necessary supporting classes in classpath.
java.lang.NoClassDefFoundError: org/apache/log/format/Formatter
	at java.lang.Class.forName0(Native Method)
	at java.lang.Class.forName(Class.java:348)
	at org.apache.velocity.util.ClassUtils.getClass(ClassUtils.java:63)
	at org.apache.velocity.util.ClassUtils.getNewInstance(ClassUtils.java:95)
	at org.apache.velocity.runtime.log.LogManager.createLogChute(LogManager.java:147)
	at org.apache.velocity.runtime.log.LogManager.updateLog(LogManager.java:208)
	at org.apache.velocity.runtime.RuntimeInstance.initializeLog(RuntimeInstance.java:728)
	at org.apache.velocity.runtime.RuntimeInstance.init(RuntimeInstance.java:240)
	at org.apache.velocity.runtime.RuntimeInstance.parse(RuntimeInstance.java:993)
	at org.apache.velocity.runtime.RuntimeInstance.parse(RuntimeInstance.java:972)
	at org.apache.velocity.runtime.RuntimeSingleton.parse(RuntimeSingleton.java:265)
	at org.apache.velocity.app.Velocity.evaluate(Velocity.java:274)
	at com.sree.maven.training.weather.WeatherFormatter.format(WeatherFormatter.java:21)
	at com.sree.maven.training.weather.yahoo.WeatherFormatterTest.testFormat(WeatherFormatterTest.java:23)
	at sun.reflect.NativeMethodAccessorImpl.invoke0(Native Method)
	at sun.reflect.NativeMethodAccessorImpl.invoke(NativeMethodAccessorImpl.java:62)
	at sun.reflect.DelegatingMethodAccessorImpl.invoke(DelegatingMethodAccessorImpl.java:43)
	at java.lang.reflect.Method.invoke(Method.java:497)
	at junit.framework.TestCase.runTest(TestCase.java:154)
	at junit.framework.TestCase.runBare(TestCase.java:127)
	at junit.framework.TestResult$1.protect(TestResult.java:106)
	at junit.framework.TestResult.runProtected(TestResult.java:124)
	at junit.framework.TestResult.run(TestResult.java:109)
	at junit.framework.TestCase.run(TestCase.java:118)
	at junit.framework.TestSuite.runTest(TestSuite.java:208)
	at junit.framework.TestSuite.run(TestSuite.java:203)
	at sun.reflect.NativeMethodAccessorImpl.invoke0(Native Method)
	at sun.reflect.NativeMethodAccessorImpl.invoke(NativeMethodAccessorImpl.java:62)
	at sun.reflect.DelegatingMethodAccessorImpl.invoke(DelegatingMethodAccessorImpl.java:43)
	at java.lang.reflect.Method.invoke(Method.java:497)
	at org.apache.maven.surefire.junit.JUnitTestSet.execute(JUnitTestSet.java:95)
	at org.apache.maven.surefire.junit.JUnit3Provider.executeTestSet(JUnit3Provider.java:121)
	at org.apache.maven.surefire.junit.JUnit3Provider.invoke(JUnit3Provider.java:98)
	at sun.reflect.NativeMethodAccessorImpl.invoke0(Native Method)
	at sun.reflect.NativeMethodAccessorImpl.invoke(NativeMethodAccessorImpl.java:62)
	at sun.reflect.DelegatingMethodAccessorImpl.invoke(DelegatingMethodAccessorImpl.java:43)
	at java.lang.reflect.Method.invoke(Method.java:497)
	at org.apache.maven.surefire.util.ReflectionUtils.invokeMethodWithArray(ReflectionUtils.java:189)
	at org.apache.maven.surefire.booter.ProviderFactory$ProviderProxy.invoke(ProviderFactory.java:165)
	at org.apache.maven.surefire.booter.ProviderFactory.invokeProvider(ProviderFactory.java:85)
	at org.apache.maven.surefire.booter.ForkedBooter.runSuitesInProcess(ForkedBooter.java:115)
	at org.apache.maven.surefire.booter.ForkedBooter.main(ForkedBooter.java:75)
Caused by: java.lang.ClassNotFoundException: org.apache.log.format.Formatter
	at java.net.URLClassLoader.findClass(URLClassLoader.java:381)
	at java.lang.ClassLoader.loadClass(ClassLoader.java:424)
	at sun.misc.Launcher$AppClassLoader.loadClass(Launcher.java:331)
	at java.lang.ClassLoader.loadClass(ClassLoader.java:357)
	... 42 more
2015-06-18 23:43:55,930 - Trying to use logger class org.apache.velocity.runtime.log.Log4JLogChute
2015-06-18 23:43:55,930 - Using logger class org.apache.velocity.runtime.log.Log4JLogChute
2015-06-18 23:43:55,932 - Default ResourceManager initializing. (class org.apache.velocity.runtime.resource.ResourceManagerImpl)
2015-06-18 23:43:55,934 - ResourceLoader instantiated: org.apache.velocity.runtime.resource.loader.FileResourceLoader
2015-06-18 23:43:55,935 - Do unicode file recognition:  false
2015-06-18 23:43:55,935 - FileResourceLoader : adding path '.'
2015-06-18 23:43:55,943 - ResourceCache: initialized (class org.apache.velocity.runtime.resource.ResourceCacheImpl)
2015-06-18 23:43:55,944 - Loaded System Directive: org.apache.velocity.runtime.directive.Literal
2015-06-18 23:43:55,945 - Loaded System Directive: org.apache.velocity.runtime.directive.Macro
2015-06-18 23:43:55,945 - Loaded System Directive: org.apache.velocity.runtime.directive.Parse
2015-06-18 23:43:55,946 - Loaded System Directive: org.apache.velocity.runtime.directive.Include
2015-06-18 23:43:55,947 - Loaded System Directive: org.apache.velocity.runtime.directive.Foreach
2015-06-18 23:43:55,965 - Created '20' parsers.
2015-06-18 23:43:55,969 - Velocimacro : "velocimacro.library" is not set.  Trying default library: VM_global_library.vm
2015-06-18 23:43:55,969 - Velocimacro : Default library not found.
2015-06-18 23:43:55,969 - Velocimacro : allowInline = true : VMs can be defined inline in templates
2015-06-18 23:43:55,969 - Velocimacro : allowInlineToOverride = false : VMs defined inline may NOT replace previous VM definitions
2015-06-18 23:43:55,969 - Velocimacro : allowInlineLocal = false : VMs defined inline will be global in scope if allowed.
2015-06-18 23:43:55,969 - Velocimacro : autoload off : VM system will not automatically reload global library macros
2015-06-18 23:45:28,655 - Log4JLogChute initialized using file 'velocity.log'
2015-06-18 23:45:28,656 - Velocity was not initialized! Calling init()...
2015-06-18 23:45:28,656 - Starting Apache Velocity v1.5 (compiled: 2007-02-22 08:52:29)
2015-06-18 23:45:28,656 - Default Properties File: org\apache\velocity\runtime\defaults\velocity.properties
2015-06-18 23:45:28,656 - Trying to use logger class org.apache.velocity.runtime.log.AvalonLogChute
2015-06-18 23:45:28,657 - Couldn't find class org.apache.velocity.runtime.log.AvalonLogChute or necessary supporting classes in classpath.
java.lang.NoClassDefFoundError: org/apache/log/format/Formatter
	at java.lang.Class.forName0(Native Method)
	at java.lang.Class.forName(Class.java:348)
	at org.apache.velocity.util.ClassUtils.getClass(ClassUtils.java:63)
	at org.apache.velocity.util.ClassUtils.getNewInstance(ClassUtils.java:95)
	at org.apache.velocity.runtime.log.LogManager.createLogChute(LogManager.java:147)
	at org.apache.velocity.runtime.log.LogManager.updateLog(LogManager.java:208)
	at org.apache.velocity.runtime.RuntimeInstance.initializeLog(RuntimeInstance.java:728)
	at org.apache.velocity.runtime.RuntimeInstance.init(RuntimeInstance.java:240)
	at org.apache.velocity.runtime.RuntimeInstance.parse(RuntimeInstance.java:993)
	at org.apache.velocity.runtime.RuntimeInstance.parse(RuntimeInstance.java:972)
	at org.apache.velocity.runtime.RuntimeSingleton.parse(RuntimeSingleton.java:265)
	at org.apache.velocity.app.Velocity.evaluate(Velocity.java:274)
	at com.sree.maven.training.weather.WeatherFormatter.format(WeatherFormatter.java:21)
	at com.sree.maven.training.weather.yahoo.WeatherFormatterTest.testFormat(WeatherFormatterTest.java:23)
	at sun.reflect.NativeMethodAccessorImpl.invoke0(Native Method)
	at sun.reflect.NativeMethodAccessorImpl.invoke(NativeMethodAccessorImpl.java:62)
	at sun.reflect.DelegatingMethodAccessorImpl.invoke(DelegatingMethodAccessorImpl.java:43)
	at java.lang.reflect.Method.invoke(Method.java:497)
	at junit.framework.TestCase.runTest(TestCase.java:154)
	at junit.framework.TestCase.runBare(TestCase.java:127)
	at junit.framework.TestResult$1.protect(TestResult.java:106)
	at junit.framework.TestResult.runProtected(TestResult.java:124)
	at junit.framework.TestResult.run(TestResult.java:109)
	at junit.framework.TestCase.run(TestCase.java:118)
	at junit.framework.TestSuite.runTest(TestSuite.java:208)
	at junit.framework.TestSuite.run(TestSuite.java:203)
	at sun.reflect.NativeMethodAccessorImpl.invoke0(Native Method)
	at sun.reflect.NativeMethodAccessorImpl.invoke(NativeMethodAccessorImpl.java:62)
	at sun.reflect.DelegatingMethodAccessorImpl.invoke(DelegatingMethodAccessorImpl.java:43)
	at java.lang.reflect.Method.invoke(Method.java:497)
	at org.apache.maven.surefire.junit.JUnitTestSet.execute(JUnitTestSet.java:95)
	at org.apache.maven.surefire.junit.JUnit3Provider.executeTestSet(JUnit3Provider.java:121)
	at org.apache.maven.surefire.junit.JUnit3Provider.invoke(JUnit3Provider.java:98)
	at sun.reflect.NativeMethodAccessorImpl.invoke0(Native Method)
	at sun.reflect.NativeMethodAccessorImpl.invoke(NativeMethodAccessorImpl.java:62)
	at sun.reflect.DelegatingMethodAccessorImpl.invoke(DelegatingMethodAccessorImpl.java:43)
	at java.lang.reflect.Method.invoke(Method.java:497)
	at org.apache.maven.surefire.util.ReflectionUtils.invokeMethodWithArray(ReflectionUtils.java:189)
	at org.apache.maven.surefire.booter.ProviderFactory$ProviderProxy.invoke(ProviderFactory.java:165)
	at org.apache.maven.surefire.booter.ProviderFactory.invokeProvider(ProviderFactory.java:85)
	at org.apache.maven.surefire.booter.ForkedBooter.runSuitesInProcess(ForkedBooter.java:115)
	at org.apache.maven.surefire.booter.ForkedBooter.main(ForkedBooter.java:75)
Caused by: java.lang.ClassNotFoundException: org.apache.log.format.Formatter
	at java.net.URLClassLoader.findClass(URLClassLoader.java:381)
	at java.lang.ClassLoader.loadClass(ClassLoader.java:424)
	at sun.misc.Launcher$AppClassLoader.loadClass(Launcher.java:331)
	at java.lang.ClassLoader.loadClass(ClassLoader.java:357)
	... 42 more
2015-06-18 23:45:28,658 - Trying to use logger class org.apache.velocity.runtime.log.Log4JLogChute
2015-06-18 23:45:28,658 - Using logger class org.apache.velocity.runtime.log.Log4JLogChute
2015-06-18 23:45:28,660 - Default ResourceManager initializing. (class org.apache.velocity.runtime.resource.ResourceManagerImpl)
2015-06-18 23:45:28,662 - ResourceLoader instantiated: org.apache.velocity.runtime.resource.loader.FileResourceLoader
2015-06-18 23:45:28,663 - Do unicode file recognition:  false
2015-06-18 23:45:28,663 - FileResourceLoader : adding path '.'
2015-06-18 23:45:28,671 - ResourceCache: initialized (class org.apache.velocity.runtime.resource.ResourceCacheImpl)
2015-06-18 23:45:28,672 - Loaded System Directive: org.apache.velocity.runtime.directive.Literal
2015-06-18 23:45:28,673 - Loaded System Directive: org.apache.velocity.runtime.directive.Macro
2015-06-18 23:45:28,674 - Loaded System Directive: org.apache.velocity.runtime.directive.Parse
2015-06-18 23:45:28,675 - Loaded System Directive: org.apache.velocity.runtime.directive.Include
2015-06-18 23:45:28,675 - Loaded System Directive: org.apache.velocity.runtime.directive.Foreach
2015-06-18 23:45:28,693 - Created '20' parsers.
2015-06-18 23:45:28,697 - Velocimacro : "velocimacro.library" is not set.  Trying default library: VM_global_library.vm
2015-06-18 23:45:28,697 - Velocimacro : Default library not found.
2015-06-18 23:45:28,697 - Velocimacro : allowInline = true : VMs can be defined inline in templates
2015-06-18 23:45:28,697 - Velocimacro : allowInlineToOverride = false : VMs defined inline may NOT replace previous VM definitions
2015-06-18 23:45:28,697 - Velocimacro : allowInlineLocal = false : VMs defined inline will be global in scope if allowed.
2015-06-18 23:45:28,697 - Velocimacro : autoload off : VM system will not automatically reload global library macros
2015-06-18 23:46:13,188 - Log4JLogChute initialized using file 'velocity.log'
2015-06-18 23:46:13,189 - Velocity was not initialized! Calling init()...
2015-06-18 23:46:13,189 - Starting Apache Velocity v1.5 (compiled: 2007-02-22 08:52:29)
2015-06-18 23:46:13,189 - Default Properties File: org\apache\velocity\runtime\defaults\velocity.properties
2015-06-18 23:46:13,189 - Trying to use logger class org.apache.velocity.runtime.log.AvalonLogChute
2015-06-18 23:46:13,190 - Couldn't find class org.apache.velocity.runtime.log.AvalonLogChute or necessary supporting classes in classpath.
java.lang.NoClassDefFoundError: org/apache/log/format/Formatter
	at java.lang.Class.forName0(Native Method)
	at java.lang.Class.forName(Class.java:348)
	at org.apache.velocity.util.ClassUtils.getClass(ClassUtils.java:63)
	at org.apache.velocity.util.ClassUtils.getNewInstance(ClassUtils.java:95)
	at org.apache.velocity.runtime.log.LogManager.createLogChute(LogManager.java:147)
	at org.apache.velocity.runtime.log.LogManager.updateLog(LogManager.java:208)
	at org.apache.velocity.runtime.RuntimeInstance.initializeLog(RuntimeInstance.java:728)
	at org.apache.velocity.runtime.RuntimeInstance.init(RuntimeInstance.java:240)
	at org.apache.velocity.runtime.RuntimeInstance.parse(RuntimeInstance.java:993)
	at org.apache.velocity.runtime.RuntimeInstance.parse(RuntimeInstance.java:972)
	at org.apache.velocity.runtime.RuntimeSingleton.parse(RuntimeSingleton.java:265)
	at org.apache.velocity.app.Velocity.evaluate(Velocity.java:274)
	at com.sree.maven.training.weather.WeatherFormatter.format(WeatherFormatter.java:21)
	at com.sree.maven.training.weather.yahoo.WeatherFormatterTest.testFormat(WeatherFormatterTest.java:23)
	at sun.reflect.NativeMethodAccessorImpl.invoke0(Native Method)
	at sun.reflect.NativeMethodAccessorImpl.invoke(NativeMethodAccessorImpl.java:62)
	at sun.reflect.DelegatingMethodAccessorImpl.invoke(DelegatingMethodAccessorImpl.java:43)
	at java.lang.reflect.Method.invoke(Method.java:497)
	at junit.framework.TestCase.runTest(TestCase.java:154)
	at junit.framework.TestCase.runBare(TestCase.java:127)
	at junit.framework.TestResult$1.protect(TestResult.java:106)
	at junit.framework.TestResult.runProtected(TestResult.java:124)
	at junit.framework.TestResult.run(TestResult.java:109)
	at junit.framework.TestCase.run(TestCase.java:118)
	at junit.framework.TestSuite.runTest(TestSuite.java:208)
	at junit.framework.TestSuite.run(TestSuite.java:203)
	at sun.reflect.NativeMethodAccessorImpl.invoke0(Native Method)
	at sun.reflect.NativeMethodAccessorImpl.invoke(NativeMethodAccessorImpl.java:62)
	at sun.reflect.DelegatingMethodAccessorImpl.invoke(DelegatingMethodAccessorImpl.java:43)
	at java.lang.reflect.Method.invoke(Method.java:497)
	at org.apache.maven.surefire.junit.JUnitTestSet.execute(JUnitTestSet.java:95)
	at org.apache.maven.surefire.junit.JUnit3Provider.executeTestSet(JUnit3Provider.java:121)
	at org.apache.maven.surefire.junit.JUnit3Provider.invoke(JUnit3Provider.java:98)
	at sun.reflect.NativeMethodAccessorImpl.invoke0(Native Method)
	at sun.reflect.NativeMethodAccessorImpl.invoke(NativeMethodAccessorImpl.java:62)
	at sun.reflect.DelegatingMethodAccessorImpl.invoke(DelegatingMethodAccessorImpl.java:43)
	at java.lang.reflect.Method.invoke(Method.java:497)
	at org.apache.maven.surefire.util.ReflectionUtils.invokeMethodWithArray(ReflectionUtils.java:189)
	at org.apache.maven.surefire.booter.ProviderFactory$ProviderProxy.invoke(ProviderFactory.java:165)
	at org.apache.maven.surefire.booter.ProviderFactory.invokeProvider(ProviderFactory.java:85)
	at org.apache.maven.surefire.booter.ForkedBooter.runSuitesInProcess(ForkedBooter.java:115)
	at org.apache.maven.surefire.booter.ForkedBooter.main(ForkedBooter.java:75)
Caused by: java.lang.ClassNotFoundException: org.apache.log.format.Formatter
	at java.net.URLClassLoader.findClass(URLClassLoader.java:381)
	at java.lang.ClassLoader.loadClass(ClassLoader.java:424)
	at sun.misc.Launcher$AppClassLoader.loadClass(Launcher.java:331)
	at java.lang.ClassLoader.loadClass(ClassLoader.java:357)
	... 42 more
2015-06-18 23:46:13,192 - Trying to use logger class org.apache.velocity.runtime.log.Log4JLogChute
2015-06-18 23:46:13,192 - Using logger class org.apache.velocity.runtime.log.Log4JLogChute
2015-06-18 23:46:13,193 - Default ResourceManager initializing. (class org.apache.velocity.runtime.resource.ResourceManagerImpl)
2015-06-18 23:46:13,195 - ResourceLoader instantiated: org.apache.velocity.runtime.resource.loader.FileResourceLoader
2015-06-18 23:46:13,196 - Do unicode file recognition:  false
2015-06-18 23:46:13,196 - FileResourceLoader : adding path '.'
2015-06-18 23:46:13,204 - ResourceCache: initialized (class org.apache.velocity.runtime.resource.ResourceCacheImpl)
2015-06-18 23:46:13,205 - Loaded System Directive: org.apache.velocity.runtime.directive.Literal
2015-06-18 23:46:13,206 - Loaded System Directive: org.apache.velocity.runtime.directive.Macro
2015-06-18 23:46:13,207 - Loaded System Directive: org.apache.velocity.runtime.directive.Parse
2015-06-18 23:46:13,207 - Loaded System Directive: org.apache.velocity.runtime.directive.Include
2015-06-18 23:46:13,208 - Loaded System Directive: org.apache.velocity.runtime.directive.Foreach
2015-06-18 23:46:13,226 - Created '20' parsers.
2015-06-18 23:46:13,230 - Velocimacro : "velocimacro.library" is not set.  Trying default library: VM_global_library.vm
2015-06-18 23:46:13,230 - Velocimacro : Default library not found.
2015-06-18 23:46:13,230 - Velocimacro : allowInline = true : VMs can be defined inline in templates
2015-06-18 23:46:13,230 - Velocimacro : allowInlineToOverride = false : VMs defined inline may NOT replace previous VM definitions
2015-06-18 23:46:13,230 - Velocimacro : allowInlineLocal = false : VMs defined inline will be global in scope if allowed.
2015-06-18 23:46:13,230 - Velocimacro : autoload off : VM system will not automatically reload global library macros
2015-06-18 23:48:34,245 - Log4JLogChute initialized using file 'velocity.log'
2015-06-18 23:48:34,246 - Velocity was not initialized! Calling init()...
2015-06-18 23:48:34,246 - Starting Apache Velocity v1.5 (compiled: 2007-02-22 08:52:29)
2015-06-18 23:48:34,246 - Default Properties File: org\apache\velocity\runtime\defaults\velocity.properties
2015-06-18 23:48:34,246 - Trying to use logger class org.apache.velocity.runtime.log.AvalonLogChute
2015-06-18 23:48:34,246 - Couldn't find class org.apache.velocity.runtime.log.AvalonLogChute or necessary supporting classes in classpath.
java.lang.NoClassDefFoundError: org/apache/log/format/Formatter
	at java.lang.Class.forName0(Native Method)
	at java.lang.Class.forName(Class.java:348)
	at org.apache.velocity.util.ClassUtils.getClass(ClassUtils.java:63)
	at org.apache.velocity.util.ClassUtils.getNewInstance(ClassUtils.java:95)
	at org.apache.velocity.runtime.log.LogManager.createLogChute(LogManager.java:147)
	at org.apache.velocity.runtime.log.LogManager.updateLog(LogManager.java:208)
	at org.apache.velocity.runtime.RuntimeInstance.initializeLog(RuntimeInstance.java:728)
	at org.apache.velocity.runtime.RuntimeInstance.init(RuntimeInstance.java:240)
	at org.apache.velocity.runtime.RuntimeInstance.parse(RuntimeInstance.java:993)
	at org.apache.velocity.runtime.RuntimeInstance.parse(RuntimeInstance.java:972)
	at org.apache.velocity.runtime.RuntimeSingleton.parse(RuntimeSingleton.java:265)
	at org.apache.velocity.app.Velocity.evaluate(Velocity.java:274)
	at com.sree.maven.training.weather.WeatherFormatter.format(WeatherFormatter.java:21)
	at com.sree.maven.training.weather.yahoo.WeatherFormatterTest.testFormat(WeatherFormatterTest.java:23)
	at sun.reflect.NativeMethodAccessorImpl.invoke0(Native Method)
	at sun.reflect.NativeMethodAccessorImpl.invoke(NativeMethodAccessorImpl.java:62)
	at sun.reflect.DelegatingMethodAccessorImpl.invoke(DelegatingMethodAccessorImpl.java:43)
	at java.lang.reflect.Method.invoke(Method.java:497)
	at junit.framework.TestCase.runTest(TestCase.java:154)
	at junit.framework.TestCase.runBare(TestCase.java:127)
	at junit.framework.TestResult$1.protect(TestResult.java:106)
	at junit.framework.TestResult.runProtected(TestResult.java:124)
	at junit.framework.TestResult.run(TestResult.java:109)
	at junit.framework.TestCase.run(TestCase.java:118)
	at junit.framework.TestSuite.runTest(TestSuite.java:208)
	at junit.framework.TestSuite.run(TestSuite.java:203)
	at sun.reflect.NativeMethodAccessorImpl.invoke0(Native Method)
	at sun.reflect.NativeMethodAccessorImpl.invoke(NativeMethodAccessorImpl.java:62)
	at sun.reflect.DelegatingMethodAccessorImpl.invoke(DelegatingMethodAccessorImpl.java:43)
	at java.lang.reflect.Method.invoke(Method.java:497)
	at org.apache.maven.surefire.junit.JUnitTestSet.execute(JUnitTestSet.java:95)
	at org.apache.maven.surefire.junit.JUnit3Provider.executeTestSet(JUnit3Provider.java:121)
	at org.apache.maven.surefire.junit.JUnit3Provider.invoke(JUnit3Provider.java:98)
	at sun.reflect.NativeMethodAccessorImpl.invoke0(Native Method)
	at sun.reflect.NativeMethodAccessorImpl.invoke(NativeMethodAccessorImpl.java:62)
	at sun.reflect.DelegatingMethodAccessorImpl.invoke(DelegatingMethodAccessorImpl.java:43)
	at java.lang.reflect.Method.invoke(Method.java:497)
	at org.apache.maven.surefire.util.ReflectionUtils.invokeMethodWithArray(ReflectionUtils.java:189)
	at org.apache.maven.surefire.booter.ProviderFactory$ProviderProxy.invoke(ProviderFactory.java:165)
	at org.apache.maven.surefire.booter.ProviderFactory.invokeProvider(ProviderFactory.java:85)
	at org.apache.maven.surefire.booter.ForkedBooter.runSuitesInProcess(ForkedBooter.java:115)
	at org.apache.maven.surefire.booter.ForkedBooter.main(ForkedBooter.java:75)
Caused by: java.lang.ClassNotFoundException: org.apache.log.format.Formatter
	at java.net.URLClassLoader.findClass(URLClassLoader.java:381)
	at java.lang.ClassLoader.loadClass(ClassLoader.java:424)
	at sun.misc.Launcher$AppClassLoader.loadClass(Launcher.java:331)
	at java.lang.ClassLoader.loadClass(ClassLoader.java:357)
	... 42 more
2015-06-18 23:48:34,248 - Trying to use logger class org.apache.velocity.runtime.log.Log4JLogChute
2015-06-18 23:48:34,248 - Using logger class org.apache.velocity.runtime.log.Log4JLogChute
2015-06-18 23:48:34,250 - Default ResourceManager initializing. (class org.apache.velocity.runtime.resource.ResourceManagerImpl)
2015-06-18 23:48:34,252 - ResourceLoader instantiated: org.apache.velocity.runtime.resource.loader.FileResourceLoader
2015-06-18 23:48:34,252 - Do unicode file recognition:  false
2015-06-18 23:48:34,253 - FileResourceLoader : adding path '.'
2015-06-18 23:48:34,261 - ResourceCache: initialized (class org.apache.velocity.runtime.resource.ResourceCacheImpl)
2015-06-18 23:48:34,262 - Loaded System Directive: org.apache.velocity.runtime.directive.Literal
2015-06-18 23:48:34,262 - Loaded System Directive: org.apache.velocity.runtime.directive.Macro
2015-06-18 23:48:34,263 - Loaded System Directive: org.apache.velocity.runtime.directive.Parse
2015-06-18 23:48:34,264 - Loaded System Directive: org.apache.velocity.runtime.directive.Include
2015-06-18 23:48:34,265 - Loaded System Directive: org.apache.velocity.runtime.directive.Foreach
2015-06-18 23:48:34,283 - Created '20' parsers.
2015-06-18 23:48:34,287 - Velocimacro : "velocimacro.library" is not set.  Trying default library: VM_global_library.vm
2015-06-18 23:48:34,287 - Velocimacro : Default library not found.
2015-06-18 23:48:34,287 - Velocimacro : allowInline = true : VMs can be defined inline in templates
2015-06-18 23:48:34,287 - Velocimacro : allowInlineToOverride = false : VMs defined inline may NOT replace previous VM definitions
2015-06-18 23:48:34,287 - Velocimacro : allowInlineLocal = false : VMs defined inline will be global in scope if allowed.
2015-06-18 23:48:34,287 - Velocimacro : autoload off : VM system will not automatically reload global library macros
2015-06-18 23:51:27,305 - Log4JLogChute initialized using file 'velocity.log'
2015-06-18 23:51:27,306 - Velocity was not initialized! Calling init()...
2015-06-18 23:51:27,306 - Starting Apache Velocity v1.5 (compiled: 2007-02-22 08:52:29)
2015-06-18 23:51:27,306 - Default Properties File: org\apache\velocity\runtime\defaults\velocity.properties
2015-06-18 23:51:27,306 - Trying to use logger class org.apache.velocity.runtime.log.AvalonLogChute
2015-06-18 23:51:27,307 - Couldn't find class org.apache.velocity.runtime.log.AvalonLogChute or necessary supporting classes in classpath.
java.lang.NoClassDefFoundError: org/apache/log/format/Formatter
	at java.lang.Class.forName0(Native Method)
	at java.lang.Class.forName(Class.java:348)
	at org.apache.velocity.util.ClassUtils.getClass(ClassUtils.java:63)
	at org.apache.velocity.util.ClassUtils.getNewInstance(ClassUtils.java:95)
	at org.apache.velocity.runtime.log.LogManager.createLogChute(LogManager.java:147)
	at org.apache.velocity.runtime.log.LogManager.updateLog(LogManager.java:208)
	at org.apache.velocity.runtime.RuntimeInstance.initializeLog(RuntimeInstance.java:728)
	at org.apache.velocity.runtime.RuntimeInstance.init(RuntimeInstance.java:240)
	at org.apache.velocity.runtime.RuntimeInstance.parse(RuntimeInstance.java:993)
	at org.apache.velocity.runtime.RuntimeInstance.parse(RuntimeInstance.java:972)
	at org.apache.velocity.runtime.RuntimeSingleton.parse(RuntimeSingleton.java:265)
	at org.apache.velocity.app.Velocity.evaluate(Velocity.java:274)
	at com.sree.maven.training.weather.WeatherFormatter.format(WeatherFormatter.java:21)
	at com.sree.maven.training.weather.yahoo.WeatherFormatterTest.testFormat(WeatherFormatterTest.java:23)
	at sun.reflect.NativeMethodAccessorImpl.invoke0(Native Method)
	at sun.reflect.NativeMethodAccessorImpl.invoke(NativeMethodAccessorImpl.java:62)
	at sun.reflect.DelegatingMethodAccessorImpl.invoke(DelegatingMethodAccessorImpl.java:43)
	at java.lang.reflect.Method.invoke(Method.java:497)
	at junit.framework.TestCase.runTest(TestCase.java:154)
	at junit.framework.TestCase.runBare(TestCase.java:127)
	at junit.framework.TestResult$1.protect(TestResult.java:106)
	at junit.framework.TestResult.runProtected(TestResult.java:124)
	at junit.framework.TestResult.run(TestResult.java:109)
	at junit.framework.TestCase.run(TestCase.java:118)
	at junit.framework.TestSuite.runTest(TestSuite.java:208)
	at junit.framework.TestSuite.run(TestSuite.java:203)
	at sun.reflect.NativeMethodAccessorImpl.invoke0(Native Method)
	at sun.reflect.NativeMethodAccessorImpl.invoke(NativeMethodAccessorImpl.java:62)
	at sun.reflect.DelegatingMethodAccessorImpl.invoke(DelegatingMethodAccessorImpl.java:43)
	at java.lang.reflect.Method.invoke(Method.java:497)
	at org.apache.maven.surefire.junit.JUnitTestSet.execute(JUnitTestSet.java:95)
	at org.apache.maven.surefire.junit.JUnit3Provider.executeTestSet(JUnit3Provider.java:121)
	at org.apache.maven.surefire.junit.JUnit3Provider.invoke(JUnit3Provider.java:98)
	at sun.reflect.NativeMethodAccessorImpl.invoke0(Native Method)
	at sun.reflect.NativeMethodAccessorImpl.invoke(NativeMethodAccessorImpl.java:62)
	at sun.reflect.DelegatingMethodAccessorImpl.invoke(DelegatingMethodAccessorImpl.java:43)
	at java.lang.reflect.Method.invoke(Method.java:497)
	at org.apache.maven.surefire.util.ReflectionUtils.invokeMethodWithArray(ReflectionUtils.java:189)
	at org.apache.maven.surefire.booter.ProviderFactory$ProviderProxy.invoke(ProviderFactory.java:165)
	at org.apache.maven.surefire.booter.ProviderFactory.invokeProvider(ProviderFactory.java:85)
	at org.apache.maven.surefire.booter.ForkedBooter.runSuitesInProcess(ForkedBooter.java:115)
	at org.apache.maven.surefire.booter.ForkedBooter.main(ForkedBooter.java:75)
Caused by: java.lang.ClassNotFoundException: org.apache.log.format.Formatter
	at java.net.URLClassLoader.findClass(URLClassLoader.java:381)
	at java.lang.ClassLoader.loadClass(ClassLoader.java:424)
	at sun.misc.Launcher$AppClassLoader.loadClass(Launcher.java:331)
	at java.lang.ClassLoader.loadClass(ClassLoader.java:357)
	... 42 more
2015-06-18 23:51:27,309 - Trying to use logger class org.apache.velocity.runtime.log.Log4JLogChute
2015-06-18 23:51:27,309 - Using logger class org.apache.velocity.runtime.log.Log4JLogChute
2015-06-18 23:51:27,310 - Default ResourceManager initializing. (class org.apache.velocity.runtime.resource.ResourceManagerImpl)
2015-06-18 23:51:27,312 - ResourceLoader instantiated: org.apache.velocity.runtime.resource.loader.FileResourceLoader
2015-06-18 23:51:27,313 - Do unicode file recognition:  false
2015-06-18 23:51:27,313 - FileResourceLoader : adding path '.'
2015-06-18 23:51:27,322 - ResourceCache: initialized (class org.apache.velocity.runtime.resource.ResourceCacheImpl)
2015-06-18 23:51:27,323 - Loaded System Directive: org.apache.velocity.runtime.directive.Literal
2015-06-18 23:51:27,324 - Loaded System Directive: org.apache.velocity.runtime.directive.Macro
2015-06-18 23:51:27,324 - Loaded System Directive: org.apache.velocity.runtime.directive.Parse
2015-06-18 23:51:27,325 - Loaded System Directive: org.apache.velocity.runtime.directive.Include
2015-06-18 23:51:27,326 - Loaded System Directive: org.apache.velocity.runtime.directive.Foreach
2015-06-18 23:51:27,344 - Created '20' parsers.
2015-06-18 23:51:27,348 - Velocimacro : "velocimacro.library" is not set.  Trying default library: VM_global_library.vm
2015-06-18 23:51:27,348 - Velocimacro : Default library not found.
2015-06-18 23:51:27,348 - Velocimacro : allowInline = true : VMs can be defined inline in templates
2015-06-18 23:51:27,349 - Velocimacro : allowInlineToOverride = false : VMs defined inline may NOT replace previous VM definitions
2015-06-18 23:51:27,349 - Velocimacro : allowInlineLocal = false : VMs defined inline will be global in scope if allowed.
2015-06-18 23:51:27,349 - Velocimacro : autoload off : VM system will not automatically reload global library macros
2015-06-18 23:56:43,480 - Log4JLogChute initialized using file 'velocity.log'
2015-06-18 23:56:43,481 - Velocity was not initialized! Calling init()...
2015-06-18 23:56:43,481 - Starting Apache Velocity v1.5 (compiled: 2007-02-22 08:52:29)
2015-06-18 23:56:43,481 - Default Properties File: org\apache\velocity\runtime\defaults\velocity.properties
2015-06-18 23:56:43,481 - Trying to use logger class org.apache.velocity.runtime.log.AvalonLogChute
2015-06-18 23:56:43,482 - Couldn't find class org.apache.velocity.runtime.log.AvalonLogChute or necessary supporting classes in classpath.
java.lang.NoClassDefFoundError: org/apache/log/format/Formatter
	at java.lang.Class.forName0(Native Method)
	at java.lang.Class.forName(Class.java:348)
	at org.apache.velocity.util.ClassUtils.getClass(ClassUtils.java:63)
	at org.apache.velocity.util.ClassUtils.getNewInstance(ClassUtils.java:95)
	at org.apache.velocity.runtime.log.LogManager.createLogChute(LogManager.java:147)
	at org.apache.velocity.runtime.log.LogManager.updateLog(LogManager.java:208)
	at org.apache.velocity.runtime.RuntimeInstance.initializeLog(RuntimeInstance.java:728)
	at org.apache.velocity.runtime.RuntimeInstance.init(RuntimeInstance.java:240)
	at org.apache.velocity.runtime.RuntimeInstance.parse(RuntimeInstance.java:993)
	at org.apache.velocity.runtime.RuntimeInstance.parse(RuntimeInstance.java:972)
	at org.apache.velocity.runtime.RuntimeSingleton.parse(RuntimeSingleton.java:265)
	at org.apache.velocity.app.Velocity.evaluate(Velocity.java:274)
	at com.sree.maven.training.weather.WeatherFormatter.format(WeatherFormatter.java:21)
	at com.sree.maven.training.weather.yahoo.WeatherFormatterTest.testFormat(WeatherFormatterTest.java:23)
	at sun.reflect.NativeMethodAccessorImpl.invoke0(Native Method)
	at sun.reflect.NativeMethodAccessorImpl.invoke(NativeMethodAccessorImpl.java:62)
	at sun.reflect.DelegatingMethodAccessorImpl.invoke(DelegatingMethodAccessorImpl.java:43)
	at java.lang.reflect.Method.invoke(Method.java:497)
	at junit.framework.TestCase.runTest(TestCase.java:154)
	at junit.framework.TestCase.runBare(TestCase.java:127)
	at junit.framework.TestResult$1.protect(TestResult.java:106)
	at junit.framework.TestResult.runProtected(TestResult.java:124)
	at junit.framework.TestResult.run(TestResult.java:109)
	at junit.framework.TestCase.run(TestCase.java:118)
	at junit.framework.TestSuite.runTest(TestSuite.java:208)
	at junit.framework.TestSuite.run(TestSuite.java:203)
	at sun.reflect.NativeMethodAccessorImpl.invoke0(Native Method)
	at sun.reflect.NativeMethodAccessorImpl.invoke(NativeMethodAccessorImpl.java:62)
	at sun.reflect.DelegatingMethodAccessorImpl.invoke(DelegatingMethodAccessorImpl.java:43)
	at java.lang.reflect.Method.invoke(Method.java:497)
	at org.apache.maven.surefire.junit.JUnitTestSet.execute(JUnitTestSet.java:95)
	at org.apache.maven.surefire.junit.JUnit3Provider.executeTestSet(JUnit3Provider.java:121)
	at org.apache.maven.surefire.junit.JUnit3Provider.invoke(JUnit3Provider.java:98)
	at sun.reflect.NativeMethodAccessorImpl.invoke0(Native Method)
	at sun.reflect.NativeMethodAccessorImpl.invoke(NativeMethodAccessorImpl.java:62)
	at sun.reflect.DelegatingMethodAccessorImpl.invoke(DelegatingMethodAccessorImpl.java:43)
	at java.lang.reflect.Method.invoke(Method.java:497)
	at org.apache.maven.surefire.util.ReflectionUtils.invokeMethodWithArray(ReflectionUtils.java:189)
	at org.apache.maven.surefire.booter.ProviderFactory$ProviderProxy.invoke(ProviderFactory.java:165)
	at org.apache.maven.surefire.booter.ProviderFactory.invokeProvider(ProviderFactory.java:85)
	at org.apache.maven.surefire.booter.ForkedBooter.runSuitesInProcess(ForkedBooter.java:115)
	at org.apache.maven.surefire.booter.ForkedBooter.main(ForkedBooter.java:75)
Caused by: java.lang.ClassNotFoundException: org.apache.log.format.Formatter
	at java.net.URLClassLoader.findClass(URLClassLoader.java:381)
	at java.lang.ClassLoader.loadClass(ClassLoader.java:424)
	at sun.misc.Launcher$AppClassLoader.loadClass(Launcher.java:331)
	at java.lang.ClassLoader.loadClass(ClassLoader.java:357)
	... 42 more
2015-06-18 23:56:43,485 - Trying to use logger class org.apache.velocity.runtime.log.Log4JLogChute
2015-06-18 23:56:43,485 - Using logger class org.apache.velocity.runtime.log.Log4JLogChute
2015-06-18 23:56:43,486 - Default ResourceManager initializing. (class org.apache.velocity.runtime.resource.ResourceManagerImpl)
2015-06-18 23:56:43,489 - ResourceLoader instantiated: org.apache.velocity.runtime.resource.loader.FileResourceLoader
2015-06-18 23:56:43,490 - Do unicode file recognition:  false
2015-06-18 23:56:43,490 - FileResourceLoader : adding path '.'
2015-06-18 23:56:43,501 - ResourceCache: initialized (class org.apache.velocity.runtime.resource.ResourceCacheImpl)
2015-06-18 23:56:43,502 - Loaded System Directive: org.apache.velocity.runtime.directive.Literal
2015-06-18 23:56:43,503 - Loaded System Directive: org.apache.velocity.runtime.directive.Macro
2015-06-18 23:56:43,504 - Loaded System Directive: org.apache.velocity.runtime.directive.Parse
2015-06-18 23:56:43,505 - Loaded System Directive: org.apache.velocity.runtime.directive.Include
2015-06-18 23:56:43,506 - Loaded System Directive: org.apache.velocity.runtime.directive.Foreach
2015-06-18 23:56:43,530 - Created '20' parsers.
2015-06-18 23:56:43,536 - Velocimacro : "velocimacro.library" is not set.  Trying default library: VM_global_library.vm
2015-06-18 23:56:43,536 - Velocimacro : Default library not found.
2015-06-18 23:56:43,536 - Velocimacro : allowInline = true : VMs can be defined inline in templates
2015-06-18 23:56:43,536 - Velocimacro : allowInlineToOverride = false : VMs defined inline may NOT replace previous VM definitions
2015-06-18 23:56:43,536 - Velocimacro : allowInlineLocal = false : VMs defined inline will be global in scope if allowed.
2015-06-18 23:56:43,536 - Velocimacro : autoload off : VM system will not automatically reload global library macros
2015-06-18 23:57:49,230 - Log4JLogChute initialized using file 'velocity.log'
2015-06-18 23:57:49,231 - Velocity was not initialized! Calling init()...
2015-06-18 23:57:49,231 - Starting Apache Velocity v1.5 (compiled: 2007-02-22 08:52:29)
2015-06-18 23:57:49,231 - Default Properties File: org\apache\velocity\runtime\defaults\velocity.properties
2015-06-18 23:57:49,231 - Trying to use logger class org.apache.velocity.runtime.log.AvalonLogChute
2015-06-18 23:57:49,232 - Couldn't find class org.apache.velocity.runtime.log.AvalonLogChute or necessary supporting classes in classpath.
java.lang.NoClassDefFoundError: org/apache/log/format/Formatter
	at java.lang.Class.forName0(Native Method)
	at java.lang.Class.forName(Class.java:348)
	at org.apache.velocity.util.ClassUtils.getClass(ClassUtils.java:63)
	at org.apache.velocity.util.ClassUtils.getNewInstance(ClassUtils.java:95)
	at org.apache.velocity.runtime.log.LogManager.createLogChute(LogManager.java:147)
	at org.apache.velocity.runtime.log.LogManager.updateLog(LogManager.java:208)
	at org.apache.velocity.runtime.RuntimeInstance.initializeLog(RuntimeInstance.java:728)
	at org.apache.velocity.runtime.RuntimeInstance.init(RuntimeInstance.java:240)
	at org.apache.velocity.runtime.RuntimeInstance.parse(RuntimeInstance.java:993)
	at org.apache.velocity.runtime.RuntimeInstance.parse(RuntimeInstance.java:972)
	at org.apache.velocity.runtime.RuntimeSingleton.parse(RuntimeSingleton.java:265)
	at org.apache.velocity.app.Velocity.evaluate(Velocity.java:274)
	at com.sree.maven.training.weather.WeatherFormatter.format(WeatherFormatter.java:21)
	at com.sree.maven.training.weather.yahoo.WeatherFormatterTest.testFormat(WeatherFormatterTest.java:23)
	at sun.reflect.NativeMethodAccessorImpl.invoke0(Native Method)
	at sun.reflect.NativeMethodAccessorImpl.invoke(NativeMethodAccessorImpl.java:62)
	at sun.reflect.DelegatingMethodAccessorImpl.invoke(DelegatingMethodAccessorImpl.java:43)
	at java.lang.reflect.Method.invoke(Method.java:497)
	at junit.framework.TestCase.runTest(TestCase.java:154)
	at junit.framework.TestCase.runBare(TestCase.java:127)
	at junit.framework.TestResult$1.protect(TestResult.java:106)
	at junit.framework.TestResult.runProtected(TestResult.java:124)
	at junit.framework.TestResult.run(TestResult.java:109)
	at junit.framework.TestCase.run(TestCase.java:118)
	at junit.framework.TestSuite.runTest(TestSuite.java:208)
	at junit.framework.TestSuite.run(TestSuite.java:203)
	at sun.reflect.NativeMethodAccessorImpl.invoke0(Native Method)
	at sun.reflect.NativeMethodAccessorImpl.invoke(NativeMethodAccessorImpl.java:62)
	at sun.reflect.DelegatingMethodAccessorImpl.invoke(DelegatingMethodAccessorImpl.java:43)
	at java.lang.reflect.Method.invoke(Method.java:497)
	at org.apache.maven.surefire.junit.JUnitTestSet.execute(JUnitTestSet.java:95)
	at org.apache.maven.surefire.junit.JUnit3Provider.executeTestSet(JUnit3Provider.java:121)
	at org.apache.maven.surefire.junit.JUnit3Provider.invoke(JUnit3Provider.java:98)
	at sun.reflect.NativeMethodAccessorImpl.invoke0(Native Method)
	at sun.reflect.NativeMethodAccessorImpl.invoke(NativeMethodAccessorImpl.java:62)
	at sun.reflect.DelegatingMethodAccessorImpl.invoke(DelegatingMethodAccessorImpl.java:43)
	at java.lang.reflect.Method.invoke(Method.java:497)
	at org.apache.maven.surefire.util.ReflectionUtils.invokeMethodWithArray(ReflectionUtils.java:189)
	at org.apache.maven.surefire.booter.ProviderFactory$ProviderProxy.invoke(ProviderFactory.java:165)
	at org.apache.maven.surefire.booter.ProviderFactory.invokeProvider(ProviderFactory.java:85)
	at org.apache.maven.surefire.booter.ForkedBooter.runSuitesInProcess(ForkedBooter.java:115)
	at org.apache.maven.surefire.booter.ForkedBooter.main(ForkedBooter.java:75)
Caused by: java.lang.ClassNotFoundException: org.apache.log.format.Formatter
	at java.net.URLClassLoader.findClass(URLClassLoader.java:381)
	at java.lang.ClassLoader.loadClass(ClassLoader.java:424)
	at sun.misc.Launcher$AppClassLoader.loadClass(Launcher.java:331)
	at java.lang.ClassLoader.loadClass(ClassLoader.java:357)
	... 42 more
2015-06-18 23:57:49,234 - Trying to use logger class org.apache.velocity.runtime.log.Log4JLogChute
2015-06-18 23:57:49,234 - Using logger class org.apache.velocity.runtime.log.Log4JLogChute
2015-06-18 23:57:49,235 - Default ResourceManager initializing. (class org.apache.velocity.runtime.resource.ResourceManagerImpl)
2015-06-18 23:57:49,237 - ResourceLoader instantiated: org.apache.velocity.runtime.resource.loader.FileResourceLoader
2015-06-18 23:57:49,238 - Do unicode file recognition:  false
2015-06-18 23:57:49,238 - FileResourceLoader : adding path '.'
2015-06-18 23:57:49,246 - ResourceCache: initialized (class org.apache.velocity.runtime.resource.ResourceCacheImpl)
2015-06-18 23:57:49,247 - Loaded System Directive: org.apache.velocity.runtime.directive.Literal
2015-06-18 23:57:49,248 - Loaded System Directive: org.apache.velocity.runtime.directive.Macro
2015-06-18 23:57:49,249 - Loaded System Directive: org.apache.velocity.runtime.directive.Parse
2015-06-18 23:57:49,250 - Loaded System Directive: org.apache.velocity.runtime.directive.Include
2015-06-18 23:57:49,250 - Loaded System Directive: org.apache.velocity.runtime.directive.Foreach
2015-06-18 23:57:49,269 - Created '20' parsers.
2015-06-18 23:57:49,273 - Velocimacro : "velocimacro.library" is not set.  Trying default library: VM_global_library.vm
2015-06-18 23:57:49,273 - Velocimacro : Default library not found.
2015-06-18 23:57:49,273 - Velocimacro : allowInline = true : VMs can be defined inline in templates
2015-06-18 23:57:49,273 - Velocimacro : allowInlineToOverride = false : VMs defined inline may NOT replace previous VM definitions
2015-06-18 23:57:49,273 - Velocimacro : allowInlineLocal = false : VMs defined inline will be global in scope if allowed.
2015-06-18 23:57:49,273 - Velocimacro : autoload off : VM system will not automatically reload global library macros
2015-06-18 23:58:24,220 - Log4JLogChute initialized using file 'velocity.log'
2015-06-18 23:58:24,221 - Velocity was not initialized! Calling init()...
2015-06-18 23:58:24,221 - Starting Apache Velocity v1.5 (compiled: 2007-02-22 08:52:29)
2015-06-18 23:58:24,221 - Default Properties File: org\apache\velocity\runtime\defaults\velocity.properties
2015-06-18 23:58:24,221 - Trying to use logger class org.apache.velocity.runtime.log.AvalonLogChute
2015-06-18 23:58:24,222 - Couldn't find class org.apache.velocity.runtime.log.AvalonLogChute or necessary supporting classes in classpath.
java.lang.NoClassDefFoundError: org/apache/log/format/Formatter
	at java.lang.Class.forName0(Native Method)
	at java.lang.Class.forName(Class.java:348)
	at org.apache.velocity.util.ClassUtils.getClass(ClassUtils.java:63)
	at org.apache.velocity.util.ClassUtils.getNewInstance(ClassUtils.java:95)
	at org.apache.velocity.runtime.log.LogManager.createLogChute(LogManager.java:147)
	at org.apache.velocity.runtime.log.LogManager.updateLog(LogManager.java:208)
	at org.apache.velocity.runtime.RuntimeInstance.initializeLog(RuntimeInstance.java:728)
	at org.apache.velocity.runtime.RuntimeInstance.init(RuntimeInstance.java:240)
	at org.apache.velocity.runtime.RuntimeInstance.parse(RuntimeInstance.java:993)
	at org.apache.velocity.runtime.RuntimeInstance.parse(RuntimeInstance.java:972)
	at org.apache.velocity.runtime.RuntimeSingleton.parse(RuntimeSingleton.java:265)
	at org.apache.velocity.app.Velocity.evaluate(Velocity.java:274)
	at com.sree.maven.training.weather.WeatherFormatter.format(WeatherFormatter.java:21)
	at com.sree.maven.training.weather.yahoo.WeatherFormatterTest.testFormat(WeatherFormatterTest.java:23)
	at sun.reflect.NativeMethodAccessorImpl.invoke0(Native Method)
	at sun.reflect.NativeMethodAccessorImpl.invoke(NativeMethodAccessorImpl.java:62)
	at sun.reflect.DelegatingMethodAccessorImpl.invoke(DelegatingMethodAccessorImpl.java:43)
	at java.lang.reflect.Method.invoke(Method.java:497)
	at junit.framework.TestCase.runTest(TestCase.java:154)
	at junit.framework.TestCase.runBare(TestCase.java:127)
	at junit.framework.TestResult$1.protect(TestResult.java:106)
	at junit.framework.TestResult.runProtected(TestResult.java:124)
	at junit.framework.TestResult.run(TestResult.java:109)
	at junit.framework.TestCase.run(TestCase.java:118)
	at junit.framework.TestSuite.runTest(TestSuite.java:208)
	at junit.framework.TestSuite.run(TestSuite.java:203)
	at sun.reflect.NativeMethodAccessorImpl.invoke0(Native Method)
	at sun.reflect.NativeMethodAccessorImpl.invoke(NativeMethodAccessorImpl.java:62)
	at sun.reflect.DelegatingMethodAccessorImpl.invoke(DelegatingMethodAccessorImpl.java:43)
	at java.lang.reflect.Method.invoke(Method.java:497)
	at org.apache.maven.surefire.junit.JUnitTestSet.execute(JUnitTestSet.java:95)
	at org.apache.maven.surefire.junit.JUnit3Provider.executeTestSet(JUnit3Provider.java:121)
	at org.apache.maven.surefire.junit.JUnit3Provider.invoke(JUnit3Provider.java:98)
	at sun.reflect.NativeMethodAccessorImpl.invoke0(Native Method)
	at sun.reflect.NativeMethodAccessorImpl.invoke(NativeMethodAccessorImpl.java:62)
	at sun.reflect.DelegatingMethodAccessorImpl.invoke(DelegatingMethodAccessorImpl.java:43)
	at java.lang.reflect.Method.invoke(Method.java:497)
	at org.apache.maven.surefire.util.ReflectionUtils.invokeMethodWithArray(ReflectionUtils.java:189)
	at org.apache.maven.surefire.booter.ProviderFactory$ProviderProxy.invoke(ProviderFactory.java:165)
	at org.apache.maven.surefire.booter.ProviderFactory.invokeProvider(ProviderFactory.java:85)
	at org.apache.maven.surefire.booter.ForkedBooter.runSuitesInProcess(ForkedBooter.java:115)
	at org.apache.maven.surefire.booter.ForkedBooter.main(ForkedBooter.java:75)
Caused by: java.lang.ClassNotFoundException: org.apache.log.format.Formatter
	at java.net.URLClassLoader.findClass(URLClassLoader.java:381)
	at java.lang.ClassLoader.loadClass(ClassLoader.java:424)
	at sun.misc.Launcher$AppClassLoader.loadClass(Launcher.java:331)
	at java.lang.ClassLoader.loadClass(ClassLoader.java:357)
	... 42 more
2015-06-18 23:58:24,223 - Trying to use logger class org.apache.velocity.runtime.log.Log4JLogChute
2015-06-18 23:58:24,223 - Using logger class org.apache.velocity.runtime.log.Log4JLogChute
2015-06-18 23:58:24,225 - Default ResourceManager initializing. (class org.apache.velocity.runtime.resource.ResourceManagerImpl)
2015-06-18 23:58:24,227 - ResourceLoader instantiated: org.apache.velocity.runtime.resource.loader.FileResourceLoader
2015-06-18 23:58:24,228 - Do unicode file recognition:  false
2015-06-18 23:58:24,228 - FileResourceLoader : adding path '.'
2015-06-18 23:58:24,236 - ResourceCache: initialized (class org.apache.velocity.runtime.resource.ResourceCacheImpl)
2015-06-18 23:58:24,237 - Loaded System Directive: org.apache.velocity.runtime.directive.Literal
2015-06-18 23:58:24,238 - Loaded System Directive: org.apache.velocity.runtime.directive.Macro
2015-06-18 23:58:24,239 - Loaded System Directive: org.apache.velocity.runtime.directive.Parse
2015-06-18 23:58:24,240 - Loaded System Directive: org.apache.velocity.runtime.directive.Include
2015-06-18 23:58:24,240 - Loaded System Directive: org.apache.velocity.runtime.directive.Foreach
2015-06-18 23:58:24,258 - Created '20' parsers.
2015-06-18 23:58:24,263 - Velocimacro : "velocimacro.library" is not set.  Trying default library: VM_global_library.vm
2015-06-18 23:58:24,263 - Velocimacro : Default library not found.
2015-06-18 23:58:24,263 - Velocimacro : allowInline = true : VMs can be defined inline in templates
2015-06-18 23:58:24,263 - Velocimacro : allowInlineToOverride = false : VMs defined inline may NOT replace previous VM definitions
2015-06-18 23:58:24,263 - Velocimacro : allowInlineLocal = false : VMs defined inline will be global in scope if allowed.
2015-06-18 23:58:24,263 - Velocimacro : autoload off : VM system will not automatically reload global library macros
2015-06-19 00:01:08,266 - Log4JLogChute initialized using file 'velocity.log'
2015-06-19 00:01:08,266 - Velocity was not initialized! Calling init()...
2015-06-19 00:01:08,267 - Starting Apache Velocity v1.5 (compiled: 2007-02-22 08:52:29)
2015-06-19 00:01:08,267 - Default Properties File: org\apache\velocity\runtime\defaults\velocity.properties
2015-06-19 00:01:08,267 - Trying to use logger class org.apache.velocity.runtime.log.AvalonLogChute
2015-06-19 00:01:08,267 - Couldn't find class org.apache.velocity.runtime.log.AvalonLogChute or necessary supporting classes in classpath.
java.lang.NoClassDefFoundError: org/apache/log/format/Formatter
	at java.lang.Class.forName0(Native Method)
	at java.lang.Class.forName(Class.java:348)
	at org.apache.velocity.util.ClassUtils.getClass(ClassUtils.java:63)
	at org.apache.velocity.util.ClassUtils.getNewInstance(ClassUtils.java:95)
	at org.apache.velocity.runtime.log.LogManager.createLogChute(LogManager.java:147)
	at org.apache.velocity.runtime.log.LogManager.updateLog(LogManager.java:208)
	at org.apache.velocity.runtime.RuntimeInstance.initializeLog(RuntimeInstance.java:728)
	at org.apache.velocity.runtime.RuntimeInstance.init(RuntimeInstance.java:240)
	at org.apache.velocity.runtime.RuntimeInstance.parse(RuntimeInstance.java:993)
	at org.apache.velocity.runtime.RuntimeInstance.parse(RuntimeInstance.java:972)
	at org.apache.velocity.runtime.RuntimeSingleton.parse(RuntimeSingleton.java:265)
	at org.apache.velocity.app.Velocity.evaluate(Velocity.java:274)
	at com.sree.maven.training.weather.WeatherFormatter.format(WeatherFormatter.java:21)
	at com.sree.maven.training.weather.yahoo.WeatherFormatterTest.testFormat(WeatherFormatterTest.java:23)
	at sun.reflect.NativeMethodAccessorImpl.invoke0(Native Method)
	at sun.reflect.NativeMethodAccessorImpl.invoke(NativeMethodAccessorImpl.java:62)
	at sun.reflect.DelegatingMethodAccessorImpl.invoke(DelegatingMethodAccessorImpl.java:43)
	at java.lang.reflect.Method.invoke(Method.java:497)
	at junit.framework.TestCase.runTest(TestCase.java:154)
	at junit.framework.TestCase.runBare(TestCase.java:127)
	at junit.framework.TestResult$1.protect(TestResult.java:106)
	at junit.framework.TestResult.runProtected(TestResult.java:124)
	at junit.framework.TestResult.run(TestResult.java:109)
	at junit.framework.TestCase.run(TestCase.java:118)
	at junit.framework.TestSuite.runTest(TestSuite.java:208)
	at junit.framework.TestSuite.run(TestSuite.java:203)
	at sun.reflect.NativeMethodAccessorImpl.invoke0(Native Method)
	at sun.reflect.NativeMethodAccessorImpl.invoke(NativeMethodAccessorImpl.java:62)
	at sun.reflect.DelegatingMethodAccessorImpl.invoke(DelegatingMethodAccessorImpl.java:43)
	at java.lang.reflect.Method.invoke(Method.java:497)
	at org.apache.maven.surefire.junit.JUnitTestSet.execute(JUnitTestSet.java:95)
	at org.apache.maven.surefire.junit.JUnit3Provider.executeTestSet(JUnit3Provider.java:121)
	at org.apache.maven.surefire.junit.JUnit3Provider.invoke(JUnit3Provider.java:98)
	at sun.reflect.NativeMethodAccessorImpl.invoke0(Native Method)
	at sun.reflect.NativeMethodAccessorImpl.invoke(NativeMethodAccessorImpl.java:62)
	at sun.reflect.DelegatingMethodAccessorImpl.invoke(DelegatingMethodAccessorImpl.java:43)
	at java.lang.reflect.Method.invoke(Method.java:497)
	at org.apache.maven.surefire.util.ReflectionUtils.invokeMethodWithArray(ReflectionUtils.java:189)
	at org.apache.maven.surefire.booter.ProviderFactory$ProviderProxy.invoke(ProviderFactory.java:165)
	at org.apache.maven.surefire.booter.ProviderFactory.invokeProvider(ProviderFactory.java:85)
	at org.apache.maven.surefire.booter.ForkedBooter.runSuitesInProcess(ForkedBooter.java:115)
	at org.apache.maven.surefire.booter.ForkedBooter.main(ForkedBooter.java:75)
Caused by: java.lang.ClassNotFoundException: org.apache.log.format.Formatter
	at java.net.URLClassLoader.findClass(URLClassLoader.java:381)
	at java.lang.ClassLoader.loadClass(ClassLoader.java:424)
	at sun.misc.Launcher$AppClassLoader.loadClass(Launcher.java:331)
	at java.lang.ClassLoader.loadClass(ClassLoader.java:357)
	... 42 more
2015-06-19 00:01:08,269 - Trying to use logger class org.apache.velocity.runtime.log.Log4JLogChute
2015-06-19 00:01:08,269 - Using logger class org.apache.velocity.runtime.log.Log4JLogChute
2015-06-19 00:01:08,271 - Default ResourceManager initializing. (class org.apache.velocity.runtime.resource.ResourceManagerImpl)
2015-06-19 00:01:08,273 - ResourceLoader instantiated: org.apache.velocity.runtime.resource.loader.FileResourceLoader
2015-06-19 00:01:08,273 - Do unicode file recognition:  false
2015-06-19 00:01:08,273 - FileResourceLoader : adding path '.'
2015-06-19 00:01:08,282 - ResourceCache: initialized (class org.apache.velocity.runtime.resource.ResourceCacheImpl)
2015-06-19 00:01:08,282 - Loaded System Directive: org.apache.velocity.runtime.directive.Literal
2015-06-19 00:01:08,283 - Loaded System Directive: org.apache.velocity.runtime.directive.Macro
2015-06-19 00:01:08,284 - Loaded System Directive: org.apache.velocity.runtime.directive.Parse
2015-06-19 00:01:08,285 - Loaded System Directive: org.apache.velocity.runtime.directive.Include
2015-06-19 00:01:08,285 - Loaded System Directive: org.apache.velocity.runtime.directive.Foreach
2015-06-19 00:01:08,303 - Created '20' parsers.
2015-06-19 00:01:08,307 - Velocimacro : "velocimacro.library" is not set.  Trying default library: VM_global_library.vm
2015-06-19 00:01:08,307 - Velocimacro : Default library not found.
2015-06-19 00:01:08,307 - Velocimacro : allowInline = true : VMs can be defined inline in templates
2015-06-19 00:01:08,307 - Velocimacro : allowInlineToOverride = false : VMs defined inline may NOT replace previous VM definitions
2015-06-19 00:01:08,308 - Velocimacro : allowInlineLocal = false : VMs defined inline will be global in scope if allowed.
2015-06-19 00:01:08,308 - Velocimacro : autoload off : VM system will not automatically reload global library macros
